<?xml version="1.0" encoding="UTF-8"?>
<!-- Generated by org.testng.reporters.JUnitReportReporter -->
<testsuite hostname="Mac" failures="0" tests="1" name="tests.VerifyScrollUpusingArrowbuttonAndScrollDownFunctionalityTC" time="0.068" errors="0" timestamp="2025-08-23T15:30:58 AST" skipped="0">
  <testcase classname="tests.VerifyScrollUpusingArrowbuttonAndScrollDownFunctionalityTC" name="verifyScrollUpusingArrowbuttonAndScrollDownFunctionalityScenario" time="0.068"/>
</testsuite> <!-- tests.VerifyScrollUpusingArrowbuttonAndScrollDownFunctionalityTC -->
