<?xml version="1.0" encoding="UTF-8"?>
<!-- Generated by org.testng.reporters.JUnitReportReporter -->
<testsuite hostname="Mac" failures="0" tests="1" name="tests.VerifyProductQuantityInCartTC" time="3.765" errors="0" timestamp="2025-08-29T13:01:59 AST" skipped="0">
  <testcase classname="tests.VerifyProductQuantityInCartTC" name="VerifyProductQuantityInCartScenario" time="3.765"/>
</testsuite> <!-- tests.VerifyProductQuantityInCartTC -->
