<?xml version="1.0" encoding="UTF-8"?>
<!-- Generated by org.testng.reporters.JUnitReportReporter -->
<testsuite hostname="Mac" failures="0" tests="1" name="tests.PlaceOrder_RegisterBeforeCheckoutTC" time="4.021" errors="0" timestamp="2025-09-03T04:30:12 AST" skipped="0">
  <testcase classname="tests.PlaceOrder_RegisterBeforeCheckoutTC" name="PlaceOrder_RegisterBeforeCheckoutScenario" time="4.021"/>
</testsuite> <!-- tests.PlaceOrder_RegisterBeforeCheckoutTC -->
