<?xml version="1.0" encoding="UTF-8"?>
<!-- Generated by org.testng.reporters.JUnitReportReporter -->
<testsuite hostname="Mahmouds-MacBook-Air.local" failures="0" tests="1" name="tests.SearchProductTC" time="5.822" errors="0" timestamp="2025-09-02T13:29:35 AST" skipped="0">
  <testcase classname="tests.SearchProductTC" name="SearchedProductScenario" time="5.822"/>
</testsuite> <!-- tests.SearchProductTC -->
