<?xml version="1.0" encoding="UTF-8"?>
<!-- Generated by org.testng.reporters.JUnitReportReporter -->
<testsuite hostname="Mac" failures="0" tests="1" name="tests.RegisterWithExistingMailTC" time="1.236" errors="0" timestamp="2025-07-06T00:21:36 AST" skipped="0">
  <testcase classname="tests.RegisterWithExistingMailTC" name="signUp" time="1.236"/>
</testsuite> <!-- tests.RegisterWithExistingMailTC -->
