<?xml version="1.0" encoding="UTF-8"?>
<!-- Generated by org.testng.reporters.JUnitReportReporter -->
<testsuite hostname="Mac" failures="0" tests="1" name="tests.ViewAndCartBrandProductsTC" time="2.912" errors="0" timestamp="2025-08-29T14:58:04 AST" skipped="0">
  <testcase classname="tests.ViewAndCartBrandProductsTC" name="viewAndCartBrandProductsScenario" time="2.912"/>
</testsuite> <!-- tests.ViewAndCartBrandProductsTC -->
