<?xml version="1.0" encoding="UTF-8"?>
<!-- Generated by org.testng.reporters.JUnitReportReporter -->
<testsuite hostname="Mahmouds-MacBook-Air.local" failures="0" tests="1" name="tests.VerifySubscriptionFromQartPageTC" time="1.348" errors="0" timestamp="2025-08-31T11:44:13 AST" skipped="0">
  <testcase classname="tests.VerifySubscriptionFromQartPageTC" name="verifySubscriptionFromQartPageScenario" time="1.348"/>
</testsuite> <!-- tests.VerifySubscriptionFromQartPageTC -->
