<?xml version="1.0" encoding="UTF-8"?>
<!-- Generated by org.testng.reporters.JUnitReportReporter -->
<testsuite hostname="Mahmouds-MacBook-Air.local" failures="0" tests="1" name="tests.VerifyScrollUpusingArrowbuttonAndScrollDownFunctionalityTC" time="16.672" errors="0" timestamp="2025-09-07T12:31:50 AST" skipped="0">
  <testcase classname="tests.VerifyScrollUpusingArrowbuttonAndScrollDownFunctionalityTC" name="verifyScrollUpusingArrowbuttonAndScrollDownFunctionalityScenario" time="16.672"/>
</testsuite> <!-- tests.VerifyScrollUpusingArrowbuttonAndScrollDownFunctionalityTC -->
