<?xml version="1.0" encoding="UTF-8"?>
<!-- Generated by org.testng.reporters.JUnitReportReporter -->
<testsuite hostname="Mahmouds-MacBook-Air.local" failures="0" tests="1" name="tests.ViewCategoryProductsTC" time="2.355" errors="0" timestamp="2025-09-02T13:24:33 AST" skipped="0">
  <testcase classname="tests.ViewCategoryProductsTC" name="viewCategoryProductsScenario" time="2.355"/>
</testsuite> <!-- tests.ViewCategoryProductsTC -->
