<?xml version="1.0" encoding="UTF-8"?>
<!-- Generated by org.testng.reporters.JUnitReportReporter -->
<testsuite hostname="Mac" failures="0" tests="1" name="tests.VerifyAllProductsAndProductDetailPageTC" time="1.893" errors="0" timestamp="2025-08-26T05:32:18 AST" skipped="0">
  <testcase classname="tests.VerifyAllProductsAndProductDetailPageTC" name="verifyAllProductsAndProductDetailPageScenario" time="1.893"/>
</testsuite> <!-- tests.VerifyAllProductsAndProductDetailPageTC -->
