<?xml version="1.0" encoding="UTF-8"?>
<!-- Generated by org.testng.reporters.JUnitReportReporter -->
<testsuite hostname="Mac" failures="0" tests="1" name="tests.RegisterTC" time="186.157" errors="0" timestamp="2025-08-17T20:15:40 AST" skipped="0">
  <testcase classname="tests.RegisterTC" name="signUp" time="186.157"/>
</testsuite> <!-- tests.RegisterTC -->
