<?xml version="1.0" encoding="UTF-8"?>
<!-- Generated by org.testng.reporters.JUnitReportReporter -->
<testsuite hostname="Mahmouds-MacBook-Air.local" failures="0" tests="1" name="tests.VerifyProductQuantityInCartTC" time="0.000" errors="0" timestamp="2025-09-07T12:31:11 AST" skipped="0">
  <testcase classname="tests.VerifyProductQuantityInCartTC" name="VerifyProductQuantityInCartScenario" time="0.000"/>
</testsuite> <!-- tests.VerifyProductQuantityInCartTC -->
