<?xml version="1.0" encoding="UTF-8"?>
<!-- Generated by org.testng.reporters.JUnitReportReporter -->
<testsuite hostname="Mac" failures="0" tests="1" name="tests.SearchProductTC" time="8.290" errors="0" timestamp="2025-07-27T06:50:32 AST" skipped="0">
  <testcase classname="tests.SearchProductTC" name="SearchedProductScenario" time="8.290"/>
</testsuite> <!-- tests.SearchProductTC -->
