<?xml version="1.0" encoding="UTF-8"?>
<!-- Generated by org.testng.reporters.JUnitReportReporter -->
<testsuite hostname="Mahmouds-MacBook-Air.local" failures="0" tests="1" name="tests.ViewAndCartBrandProductsTC" time="4.779" errors="0" timestamp="2025-08-31T11:45:12 AST" skipped="0">
  <testcase classname="tests.ViewAndCartBrandProductsTC" name="viewAndCartBrandProductsScenario" time="4.779"/>
</testsuite> <!-- tests.ViewAndCartBrandProductsTC -->
