<?xml version="1.0" encoding="UTF-8"?>
<!-- Generated by org.testng.reporters.JUnitReportReporter -->
<testsuite hostname="Mahmouds-MacBook-Air.local" failures="0" tests="1" name="tests.LoginWithInValidUserTC" time="1.745" errors="0" timestamp="2025-09-02T12:23:53 AST" skipped="0">
  <testcase classname="tests.LoginWithInValidUserTC" name="loginWithInValidUserCredentialsScenario" time="1.745"/>
</testsuite> <!-- tests.LoginWithInValidUserTC -->
