<?xml version="1.0" encoding="UTF-8"?>
<!-- Generated by org.testng.reporters.JUnitReportReporter -->
<testsuite hostname="Mahmouds-MacBook-Air.local" failures="0" tests="1" name="tests.VerifySubscriptionFromHomePageTC" time="0.332" errors="0" timestamp="2025-08-31T11:41:57 AST" skipped="0">
  <testcase classname="tests.VerifySubscriptionFromHomePageTC" name="verifySubscriptionFromHomePageScenario" time="0.332"/>
</testsuite> <!-- tests.VerifySubscriptionFromHomePageTC -->
