<?xml version="1.0" encoding="UTF-8"?>
<!-- Generated by org.testng.reporters.JUnitReportReporter -->
<testsuite hostname="Mac" failures="0" tests="1" name="tests.RemoveProductsFromCartTC" time="2.549" errors="0" timestamp="2025-08-28T00:29:03 AST" skipped="0">
  <testcase classname="tests.RemoveProductsFromCartTC" name="removeProductsFromCartScenario" time="2.549"/>
</testsuite> <!-- tests.RemoveProductsFromCartTC -->
