<?xml version="1.0" encoding="UTF-8"?>
<!-- Generated by org.testng.reporters.JUnitReportReporter -->
<testsuite hostname="Mac" failures="0" tests="1" name="tests.ViewCategoryProductsTC" time="1.208" errors="0" timestamp="2025-08-24T00:34:48 AST" skipped="0">
  <testcase classname="tests.ViewCategoryProductsTC" name="viewCategoryProductsScenario" time="1.208"/>
</testsuite> <!-- tests.ViewCategoryProductsTC -->
