<?xml version="1.0" encoding="UTF-8"?>
<!-- Generated by org.testng.reporters.JUnitReportReporter -->
<testsuite hostname="Mac" failures="0" tests="1" name="tests.SearchProductTC" time="20.559" errors="0" timestamp="2025-09-07T20:50:51 AST" skipped="0">
  <testcase classname="tests.SearchProductTC" name="SearchedProductScenario" time="20.559"/>
</testsuite> <!-- tests.SearchProductTC -->
