<?xml version="1.0" encoding="UTF-8"?>
<!-- Generated by org.testng.reporters.JUnitReportReporter -->
<testsuite hostname="Mac" failures="0" tests="1" name="tests.DownloadInvoiceAfterPurchaseOrderTC" time="29.835" errors="0" timestamp="2025-09-03T05:25:07 AST" skipped="0">
  <testcase classname="tests.DownloadInvoiceAfterPurchaseOrderTC" name="downloadInvoiceAfterPurchaseOrderScenario" time="29.835"/>
</testsuite> <!-- tests.DownloadInvoiceAfterPurchaseOrderTC -->
