<?xml version="1.0" encoding="UTF-8"?>
<!-- Generated by org.testng.reporters.JUnitReportReporter -->
<testsuite hostname="Mahmouds-MacBook-Air.local" failures="0" tests="1" name="tests.VerifyAddressDetailsInCheckoutPageTC" time="3.220" errors="0" timestamp="2025-09-01T15:56:06 AST" skipped="0">
  <testcase classname="tests.VerifyAddressDetailsInCheckoutPageTC" name="VerifyAddressDetailsInCheckoutPageScenario" time="3.220"/>
</testsuite> <!-- tests.VerifyAddressDetailsInCheckoutPageTC -->
