<?xml version="1.0" encoding="UTF-8"?>
<!-- Generated by org.testng.reporters.JUnitReportReporter -->
<testsuite hostname="Mac" failures="0" tests="1" name="tests.ContactUsTC" time="1.067" errors="0" timestamp="2025-08-26T06:09:57 AST" skipped="0">
  <testcase classname="tests.ContactUsTC" name="contactUsScenario" time="1.067"/>
</testsuite> <!-- tests.ContactUsTC -->
