<?xml version="1.0" encoding="UTF-8"?>
<!-- Generated by org.testng.reporters.JUnitReportReporter -->
<testsuite hostname="Mahmouds-MacBook-Air.local" failures="0" tests="1" name="tests.ViewCategoryProductsTC" time="180.564" errors="0" timestamp="2025-08-31T11:46:54 AST" skipped="0">
  <testcase classname="tests.ViewCategoryProductsTC" name="viewCategoryProductsScenario" time="180.564"/>
</testsuite> <!-- tests.ViewCategoryProductsTC -->
