<?xml version="1.0" encoding="UTF-8"?>
<!-- Generated by org.testng.reporters.JUnitReportReporter -->
<testsuite hostname="Mac" failures="0" tests="1" name="tests.RegisterTC" time="4.653" errors="0" timestamp="2025-07-07T03:48:37 AST" skipped="0">
  <testcase classname="tests.RegisterTC" name="signUp" time="4.653"/>
</testsuite> <!-- tests.RegisterTC -->
