<?xml version="1.0" encoding="UTF-8"?>
<!-- Generated by org.testng.reporters.JUnitReportReporter -->
<testsuite hostname="Mac" failures="0" tests="1" name="tests.VerifyTestCasesTC" time="0.559" errors="0" timestamp="2025-07-13T03:58:40 AST" skipped="0">
  <testcase classname="tests.VerifyTestCasesTC" name="verifyTestCasesScreenScenario" time="0.559"/>
</testsuite> <!-- tests.VerifyTestCasesTC -->
