<?xml version="1.0" encoding="UTF-8"?>
<!-- Generated by org.testng.reporters.JUnitReportReporter -->
<testsuite hostname="Mahmouds-MacBook-Air.local" failures="0" tests="1" name="tests.SearchProductsAndVerifyCartAfterLoginTC" time="3.425" errors="0" timestamp="2025-09-01T15:25:01 AST" skipped="0">
  <testcase classname="tests.SearchProductsAndVerifyCartAfterLoginTC" name="SearchProductsAndVerifyCartAfterLoginScenario" time="3.425"/>
</testsuite> <!-- tests.SearchProductsAndVerifyCartAfterLoginTC -->
