<?xml version="1.0" encoding="UTF-8"?>
<!-- Generated by org.testng.reporters.JUnitReportReporter -->
<testsuite hostname="Mac" failures="0" tests="1" name="tests.RegisterTC" time="8.437" errors="0" timestamp="2025-07-05T22:20:24 AST" skipped="0">
  <testcase classname="tests.RegisterTC" name="signUp" time="8.437"/>
</testsuite> <!-- tests.RegisterTC -->
