<?xml version="1.0" encoding="UTF-8"?>
<!-- Generated by org.testng.reporters.JUnitReportReporter -->
<testsuite hostname="Mac" failures="0" tests="1" name="tests.AddProductInCartTC" time="1.318" errors="0" timestamp="2025-08-08T14:20:01 AST" skipped="0">
  <testcase classname="tests.AddProductInCartTC" name="subscriptionFromQartPageScenario" time="1.318"/>
</testsuite> <!-- tests.AddProductInCartTC -->
