<?xml version="1.0" encoding="UTF-8"?>
<!-- Generated by org.testng.reporters.JUnitReportReporter -->
<testsuite hostname="Mahmouds-MacBook-Air.local" failures="0" tests="1" name="tests.RemoveProductsFromCartTC" time="1.875" errors="0" timestamp="2025-09-01T15:16:30 AST" skipped="0">
  <testcase classname="tests.RemoveProductsFromCartTC" name="removeProductsFromCartScenario" time="1.875"/>
</testsuite> <!-- tests.RemoveProductsFromCartTC -->
