<?xml version="1.0" encoding="UTF-8"?>
<!-- Generated by org.testng.reporters.JUnitReportReporter -->
<testsuite hostname="Mahmouds-MacBook-Air.local" failures="0" tests="1" name="tests.VerifyTestCasesTC" time="0.574" errors="0" timestamp="2025-08-31T11:46:21 AST" skipped="0">
  <testcase classname="tests.VerifyTestCasesTC" name="verifyTestCasesScreenScenario" time="0.574"/>
</testsuite> <!-- tests.VerifyTestCasesTC -->
