<?xml version="1.0" encoding="UTF-8"?>
<!-- Generated by org.testng.reporters.JUnitReportReporter -->
<testsuite hostname="Mahmouds-MacBook-Air.local" failures="0" tests="1" name="tests.PlaceOrder_RegisterWhileCheckoutTC" time="12.049" errors="0" timestamp="2025-09-01T15:24:04 AST" skipped="0">
  <testcase classname="tests.PlaceOrder_RegisterWhileCheckoutTC" name="PlaceOrder_RegisterWhileCheckoutScenario" time="12.049"/>
</testsuite> <!-- tests.PlaceOrder_RegisterWhileCheckoutTC -->
