<?xml version="1.0" encoding="UTF-8"?>
<!-- Generated by org.testng.reporters.JUnitReportReporter -->
<testsuite hostname="Mac" failures="0" tests="1" name="tests.VerifyAddressDetailsInCheckoutPageTC" time="9.722" errors="0" timestamp="2025-08-29T15:10:07 AST" skipped="0">
  <testcase classname="tests.VerifyAddressDetailsInCheckoutPageTC" name="VerifyAddressDetailsInCheckoutPageScenario" time="9.722"/>
</testsuite> <!-- tests.VerifyAddressDetailsInCheckoutPageTC -->
