<?xml version="1.0" encoding="UTF-8"?>
<!-- Generated by org.testng.reporters.JUnitReportReporter -->
<testsuite hostname="Mac" failures="0" tests="1" name="tests.VerifyAddressDetailsInCheckoutPageTC" time="7.346" errors="0" timestamp="2025-08-22T04:10:14 AST" skipped="0">
  <testcase classname="tests.VerifyAddressDetailsInCheckoutPageTC" name="AddReviewOnProductScenario" time="7.346"/>
</testsuite> <!-- tests.VerifyAddressDetailsInCheckoutPageTC -->
