<?xml version="1.0" encoding="UTF-8"?>
<!-- Generated by org.testng.reporters.JUnitReportReporter -->
<testsuite hostname="Mac" failures="0" tests="1" name="tests.AddReviewOnProductScenario" time="2.374" errors="0" timestamp="2025-08-27T02:48:25 AST" skipped="0">
  <testcase classname="tests.AddReviewOnProductScenario" name="AddReviewOnProductScenario" time="2.374"/>
</testsuite> <!-- tests.AddReviewOnProductScenario -->
