<?xml version="1.0" encoding="UTF-8"?>
<!-- Generated by org.testng.reporters.JUnitReportReporter -->
<testsuite hostname="Mahmouds-MacBook-Air.local" failures="0" tests="1" name="tests.RegisterTC" time="6.892" errors="0" timestamp="2025-09-01T15:33:16 AST" skipped="0">
  <testcase classname="tests.RegisterTC" name="signUp" time="6.892"/>
</testsuite> <!-- tests.RegisterTC -->
