<?xml version="1.0" encoding="UTF-8"?>
<!-- Generated by org.testng.reporters.JUnitReportReporter -->
<testsuite hostname="Mac" failures="0" tests="1" name="tests.ViewCategoryProductsTC" time="0.032" errors="0" timestamp="2025-08-11T05:57:42 AST" skipped="0">
  <testcase classname="tests.ViewCategoryProductsTC" name="viewCategoryProductsScenario" time="0.032"/>
</testsuite> <!-- tests.ViewCategoryProductsTC -->
