<?xml version="1.0" encoding="UTF-8"?>
<!-- Generated by org.testng.reporters.JUnitReportReporter -->
<testsuite hostname="Mahmouds-MacBook-Air.local" failures="0" tests="1" name="tests.DownloadInvoiceAfterPurchaseOrderTC" time="3.803" errors="0" timestamp="2025-09-02T12:21:11 AST" skipped="0">
  <testcase classname="tests.DownloadInvoiceAfterPurchaseOrderTC" name="downloadInvoiceAfterPurchaseOrderScenario" time="3.803"/>
</testsuite> <!-- tests.DownloadInvoiceAfterPurchaseOrderTC -->
