<?xml version="1.0" encoding="UTF-8"?>
<!-- Generated by org.testng.reporters.JUnitReportReporter -->
<testsuite hostname="Mahmouds-MacBook-Air.local" failures="0" tests="1" name="tests.AddReviewOnProductTC" time="6.609" errors="0" timestamp="2025-09-02T12:22:47 AST" skipped="0">
  <testcase classname="tests.AddReviewOnProductTC" name="AddReviewOnProductScenario" time="6.609"/>
</testsuite> <!-- tests.AddReviewOnProductTC -->
