<?xml version="1.0" encoding="UTF-8"?>
<!-- Generated by org.testng.reporters.JUnitReportReporter -->
<testsuite hostname="Mahmouds-MacBook-Air.local" failures="0" tests="1" name="tests.PlaceOrder_RegisterWhileCheckoutTC" time="11.173" errors="0" timestamp="2025-09-02T15:00:53 AST" skipped="0">
  <testcase classname="tests.PlaceOrder_RegisterWhileCheckoutTC" name="PlaceOrder_RegisterWhileCheckoutScenario" time="11.173"/>
</testsuite> <!-- tests.PlaceOrder_RegisterWhileCheckoutTC -->
