<?xml version="1.0" encoding="UTF-8"?>
<!-- Generated by org.testng.reporters.JUnitReportReporter -->
<testsuite hostname="Mac" failures="0" tests="1" name="tests.AddProductInCartTC" time="5.620" errors="0" timestamp="2025-07-23T01:58:07 AST" skipped="0">
  <testcase classname="tests.AddProductInCartTC" name="subscriptionFromQartPageScenario" time="5.620"/>
</testsuite> <!-- tests.AddProductInCartTC -->
