<?xml version="1.0" encoding="UTF-8"?>
<!-- Generated by org.testng.reporters.JUnitReportReporter -->
<testsuite hostname="Mahmouds-MacBook-Air.local" failures="0" tests="1" name="tests.RegisterWithExistingMailTC" time="1.272" errors="0" timestamp="2025-09-01T15:20:52 AST" skipped="0">
  <testcase classname="tests.RegisterWithExistingMailTC" name="registerWithExistingMailScenario" time="1.272"/>
</testsuite> <!-- tests.RegisterWithExistingMailTC -->
