<?xml version="1.0" encoding="UTF-8"?>
<!-- Generated by org.testng.reporters.JUnitReportReporter -->
<testsuite hostname="Mahmouds-MacBook-Air.local" failures="0" tests="1" name="tests.AddProductInCartTC" time="2.557" errors="0" timestamp="2025-07-30T17:04:02 AST" skipped="0">
  <testcase classname="tests.AddProductInCartTC" name="subscriptionFromQartPageScenario" time="2.557"/>
</testsuite> <!-- tests.AddProductInCartTC -->
