<?xml version="1.0" encoding="UTF-8"?>
<!-- Generated by org.testng.reporters.JUnitReportReporter -->
<testsuite hostname="Mac" failures="0" tests="1" name="tests.PlaceOrder_RegisterWhileCheckoutTC" time="10.492" errors="0" timestamp="2025-08-08T14:59:01 AST" skipped="0">
  <testcase classname="tests.PlaceOrder_RegisterWhileCheckoutTC" name="PlaceOrder_RegisterWhileCheckoutScenario" time="10.492"/>
</testsuite> <!-- tests.PlaceOrder_RegisterWhileCheckoutTC -->
