<?xml version="1.0" encoding="UTF-8"?>
<!-- Generated by org.testng.reporters.JUnitReportReporter -->
<testsuite hostname="Mac" failures="0" tests="1" name="tests.SearchProductTC" time="7.036" errors="0" timestamp="2025-07-18T18:46:25 AST" skipped="0">
  <testcase classname="tests.SearchProductTC" name="SearchedProductScenario" time="7.036"/>
</testsuite> <!-- tests.SearchProductTC -->
