<?xml version="1.0" encoding="UTF-8"?>
<!-- Generated by org.testng.reporters.JUnitReportReporter -->
<testsuite hostname="Mac" failures="0" tests="1" name="tests.ContactUsTC" time="3.653" errors="0" timestamp="2025-07-13T03:15:01 AST" skipped="0">
  <testcase classname="tests.ContactUsTC" name="contactUsScenario" time="3.653"/>
</testsuite> <!-- tests.ContactUsTC -->
