<?xml version="1.0" encoding="UTF-8"?>
<!-- Generated by org.testng.reporters.JUnitReportReporter -->
<testsuite hostname="Mac" failures="0" tests="1" name="tests.RegisterWithExistingMailTC" time="1.247" errors="0" timestamp="2025-07-07T03:51:04 AST" skipped="0">
  <testcase classname="tests.RegisterWithExistingMailTC" name="signUp" time="1.247"/>
</testsuite> <!-- tests.RegisterWithExistingMailTC -->
