<?xml version="1.0" encoding="UTF-8"?>
<!-- Generated by org.testng.reporters.JUnitReportReporter -->
<testsuite hostname="Mac" failures="0" tests="1" name="tests.AllProductsTC" time="3.749" errors="0" timestamp="2025-07-18T17:13:40 AST" skipped="0">
  <testcase classname="tests.AllProductsTC" name="verifyAllProductsAndProductDetailPageScenario" time="3.749"/>
</testsuite> <!-- tests.AllProductsTC -->
