<?xml version="1.0" encoding="UTF-8"?>
<!-- Generated by org.testng.reporters.JUnitReportReporter -->
<testsuite hostname="Mac" failures="0" tests="1" name="tests.VerifySubscriptionFromQartPageTC" time="1.654" errors="0" timestamp="2025-08-29T13:23:36 AST" skipped="0">
  <testcase classname="tests.VerifySubscriptionFromQartPageTC" name="verifySubscriptionFromQartPageScenario" time="1.654"/>
</testsuite> <!-- tests.VerifySubscriptionFromQartPageTC -->
