<?xml version="1.0" encoding="UTF-8"?>
<!-- Generated by org.testng.reporters.JUnitReportReporter -->
<testsuite hostname="Mahmouds-MacBook-Air.local" failures="0" tests="1" name="tests.VerifyScrollUpusingArrowbuttonAndScrollDownFunctionalityTC" time="0.066" errors="0" timestamp="2025-08-31T11:47:42 AST" skipped="0">
  <testcase classname="tests.VerifyScrollUpusingArrowbuttonAndScrollDownFunctionalityTC" name="verifyScrollUpusingArrowbuttonAndScrollDownFunctionalityScenario" time="0.066"/>
</testsuite> <!-- tests.VerifyScrollUpusingArrowbuttonAndScrollDownFunctionalityTC -->
