<?xml version="1.0" encoding="UTF-8"?>
<!-- Generated by org.testng.reporters.JUnitReportReporter -->
<testsuite hostname="Mac" failures="0" tests="1" name="tests.ContactUsTC" time="0.024" errors="0" timestamp="2025-07-10T07:15:16 AST" skipped="0">
  <testcase classname="tests.ContactUsTC" name="contactUsScenario" time="0.024"/>
</testsuite> <!-- tests.ContactUsTC -->
