<?xml version="1.0" encoding="UTF-8"?>
<!-- Generated by org.testng.reporters.JUnitReportReporter -->
<testsuite hostname="Mahmouds-MacBook-Air.local" failures="0" tests="1" name="tests.VerifySubscriptionFromQartPageTC" time="0.001" errors="0" timestamp="2025-09-07T12:31:11 AST" skipped="0">
  <testcase classname="tests.VerifySubscriptionFromQartPageTC" name="verifySubscriptionFromQartPageScenario" time="0.001"/>
</testsuite> <!-- tests.VerifySubscriptionFromQartPageTC -->
