<?xml version="1.0" encoding="UTF-8"?>
<!-- Generated by org.testng.reporters.JUnitReportReporter -->
<testsuite hostname="Mac" failures="0" tests="1" name="tests.AddReviewOnProductScenario$AddReviewOnProductTC" time="0.005" errors="0" timestamp="2025-08-27T02:14:55 AST" skipped="0">
  <testcase classname="tests.AddReviewOnProductScenario$AddReviewOnProductTC" name="AddReviewOnProductScenario" time="0.005"/>
</testsuite> <!-- tests.AddReviewOnProductScenario$AddReviewOnProductTC -->
