<?xml version="1.0" encoding="UTF-8"?>
<!-- Generated by org.testng.reporters.JUnitReportReporter -->
<testsuite hostname="Mac" failures="0" tests="1" name="tests.VerifyScrollUpusingArrowbuttonAndScrollDownFunctionalityTC" time="0.040" errors="0" timestamp="2025-08-22T17:35:54 AST" skipped="0">
  <testcase classname="tests.VerifyScrollUpusingArrowbuttonAndScrollDownFunctionalityTC" name="verifyScrollUpusingArrowbuttonAndScrollDownFunctionalityScenario" time="0.040"/>
</testsuite> <!-- tests.VerifyScrollUpusingArrowbuttonAndScrollDownFunctionalityTC -->
