<?xml version="1.0" encoding="UTF-8"?>
<!-- Generated by org.testng.reporters.JUnitReportReporter -->
<testsuite hostname="Mac" failures="0" tests="1" name="tests.AddProductInCartTC" time="20.791" errors="0" timestamp="2025-09-07T19:56:36 AST" skipped="0">
  <testcase classname="tests.AddProductInCartTC" name="AddProductInCartScenario" time="20.791"/>
</testsuite> <!-- tests.AddProductInCartTC -->
