<?xml version="1.0" encoding="UTF-8"?>
<!-- Generated by org.testng.reporters.JUnitReportReporter -->
<testsuite hostname="Mahmouds-MacBook-Air.local" failures="0" tests="1" name="tests.ViewCategoryProductsTC" time="188.975" errors="0" timestamp="2025-08-25T13:52:12 AST" skipped="0">
  <testcase classname="tests.ViewCategoryProductsTC" name="viewCategoryProductsScenario" time="188.975"/>
</testsuite> <!-- tests.ViewCategoryProductsTC -->
