<?xml version="1.0" encoding="UTF-8"?>
<!-- Generated by org.testng.reporters.JUnitReportReporter -->
<testsuite hostname="Mac" failures="0" tests="1" name="tests.RegisterWithExistingMailTC" time="1.245" errors="0" timestamp="2025-08-28T00:23:56 AST" skipped="0">
  <testcase classname="tests.RegisterWithExistingMailTC" name="registerWithExistingMailScenario" time="1.245"/>
</testsuite> <!-- tests.RegisterWithExistingMailTC -->
