<?xml version="1.0" encoding="UTF-8"?>
<!-- Generated by org.testng.reporters.JUnitReportReporter -->
<testsuite hostname="Mac" failures="0" tests="1" name="tests.LoginWithValidUserTC" time="1.744" errors="0" timestamp="2025-08-27T02:06:53 AST" skipped="0">
  <testcase classname="tests.LoginWithValidUserTC" name="LoginWithValidUserCredentials" time="1.744"/>
</testsuite> <!-- tests.LoginWithValidUserTC -->
