<?xml version="1.0" encoding="UTF-8"?>
<!-- Generated by org.testng.reporters.JUnitReportReporter -->
<testsuite hostname="Mac" failures="0" tests="1" name="tests.LoginWithInValidUserTC" time="1.253" errors="0" timestamp="2025-08-26T06:23:25 AST" skipped="0">
  <testcase classname="tests.LoginWithInValidUserTC" name="loginWithInValidUserCredentialsScenario" time="1.253"/>
</testsuite> <!-- tests.LoginWithInValidUserTC -->
