<?xml version="1.0" encoding="UTF-8"?>
<!-- Generated by org.testng.reporters.JUnitReportReporter -->
<testsuite hostname="Mac" failures="0" tests="1" name="tests.VerifyTestCasesTC" time="0.607" errors="0" timestamp="2025-08-29T13:31:16 AST" skipped="0">
  <testcase classname="tests.VerifyTestCasesTC" name="verifyTestCasesScreenScenario" time="0.607"/>
</testsuite> <!-- tests.VerifyTestCasesTC -->
