<?xml version="1.0" encoding="UTF-8"?>
<!-- Generated by org.testng.reporters.JUnitReportReporter -->
<testsuite hostname="Mahmouds-MacBook-Air.local" failures="0" tests="1" name="tests.PlaceOrder_LoginBeforeCheckoutTC" time="0.687" errors="0" timestamp="2025-09-01T16:20:58 AST" skipped="0">
  <testcase classname="tests.PlaceOrder_LoginBeforeCheckoutTC" name="PlaceOrder_LoginBeforeCheckoutScenario" time="0.687"/>
</testsuite> <!-- tests.PlaceOrder_LoginBeforeCheckoutTC -->
