<?xml version="1.0" encoding="UTF-8"?>
<!-- Generated by org.testng.reporters.JUnitReportReporter -->
<testsuite hostname="Mahmouds-MacBook-Air.local" failures="0" tests="1" name="tests.VerifyProductQuantityInCartTC" time="1.856" errors="0" timestamp="2025-08-31T11:48:18 AST" skipped="0">
  <testcase classname="tests.VerifyProductQuantityInCartTC" name="VerifyProductQuantityInCartScenario" time="1.856"/>
</testsuite> <!-- tests.VerifyProductQuantityInCartTC -->
