<?xml version="1.0" encoding="UTF-8"?>
<!-- Generated by org.testng.reporters.JUnitReportReporter -->
<testsuite hostname="Mac" failures="0" tests="1" name="tests.DownloadInvoiceAfterPurchaseOrderTC" time="27.698" errors="0" timestamp="2025-08-30T02:27:56 AST" skipped="0">
  <testcase classname="tests.DownloadInvoiceAfterPurchaseOrderTC" name="downloadInvoiceAfterPurchaseOrderScenario" time="27.698"/>
</testsuite> <!-- tests.DownloadInvoiceAfterPurchaseOrderTC -->
