<?xml version="1.0" encoding="UTF-8"?>
<!-- Generated by org.testng.reporters.JUnitReportReporter -->
<testsuite hostname="Mac" failures="0" tests="1" name="tests.VerifyScrollUpWithoutArrowButtonAndScrollDownFunctionalityTC" time="0.005" errors="0" timestamp="2025-08-23T20:59:43 AST" skipped="0">
  <testcase classname="tests.VerifyScrollUpWithoutArrowButtonAndScrollDownFunctionalityTC" name="VerifyScrollUpWithoutArrowButtonAndScrollDownFunctionalityScenario" time="0.005"/>
</testsuite> <!-- tests.VerifyScrollUpWithoutArrowButtonAndScrollDownFunctionalityTC -->
