<?xml version="1.0" encoding="UTF-8"?>
<!-- Generated by org.testng.reporters.JUnitReportReporter -->
<testsuite hostname="Mac" failures="0" tests="1" name="tests.VerifySubscriptionFromQartPageTC" time="5.193" errors="0" timestamp="2025-07-20T01:50:28 AST" skipped="0">
  <testcase classname="tests.VerifySubscriptionFromQartPageTC" name="subscriptionFromQartPageScenario" time="5.193"/>
</testsuite> <!-- tests.VerifySubscriptionFromQartPageTC -->
