<?xml version="1.0" encoding="UTF-8"?>
<!-- Generated by org.testng.reporters.JUnitReportReporter -->
<testsuite hostname="Mac" failures="0" tests="1" name="tests.ViewAndCartBrandProductsTC" time="0.615" errors="0" timestamp="2025-08-16T14:24:01 AST" skipped="0">
  <testcase classname="tests.ViewAndCartBrandProductsTC" name="vViewAndCartBrandProductsScenario" time="0.615"/>
</testsuite> <!-- tests.ViewAndCartBrandProductsTC -->
