<?xml version="1.0" encoding="UTF-8"?>
<!-- Generated by org.testng.reporters.JUnitReportReporter -->
<testsuite hostname="Mac" failures="0" tests="1" name="tests.DownloadInvoiceAfterPurchaseOrderTC" time="0.676" errors="0" timestamp="2025-08-22T17:03:59 AST" skipped="0">
  <testcase classname="tests.DownloadInvoiceAfterPurchaseOrderTC" name="downloadInvoiceAfterPurchaseOrderScenario" time="0.676"/>
</testsuite> <!-- tests.DownloadInvoiceAfterPurchaseOrderTC -->
