<?xml version="1.0" encoding="UTF-8"?>
<!-- Generated by org.testng.reporters.JUnitReportReporter -->
<testsuite hostname="Mac" failures="0" tests="1" name="tests.VerifyTestCasesTC" time="1.094" errors="0" timestamp="2025-07-16T22:24:45 AST" skipped="0">
  <testcase classname="tests.VerifyTestCasesTC" name="verifyTestCasesScreenScenario" time="1.094"/>
</testsuite> <!-- tests.VerifyTestCasesTC -->
