<?xml version="1.0" encoding="UTF-8"?>
<!-- Generated by org.testng.reporters.JUnitReportReporter -->
<testsuite hostname="Mac" failures="0" tests="1" name="tests.RemoveProductsFromCartTC" time="2.164" errors="0" timestamp="2025-08-08T17:51:00 AST" skipped="0">
  <testcase classname="tests.RemoveProductsFromCartTC" name="removeProductsFromCartScenario" time="2.164"/>
</testsuite> <!-- tests.RemoveProductsFromCartTC -->
