<?xml version="1.0" encoding="UTF-8"?>
<!-- Generated by org.testng.reporters.JUnitReportReporter -->
<testsuite hostname="Mahmouds-MacBook-Air.local" failures="0" tests="1" name="tests.SearchProductsAndVerifyCartAfterLoginTC" time="13.393" errors="0" timestamp="2025-09-02T14:36:06 AST" skipped="0">
  <testcase classname="tests.SearchProductsAndVerifyCartAfterLoginTC" name="SearchProductsAndVerifyCartAfterLoginScenario" time="13.393"/>
</testsuite> <!-- tests.SearchProductsAndVerifyCartAfterLoginTC -->
