<?xml version="1.0" encoding="UTF-8"?>
<!-- Generated by org.testng.reporters.JUnitReportReporter -->
<testsuite hostname="Mac" failures="0" tests="1" name="tests.VerifySubscriptionFromHomePageTC" time="0.231" errors="0" timestamp="2025-07-20T01:48:12 AST" skipped="0">
  <testcase classname="tests.VerifySubscriptionFromHomePageTC" name="subscriptionFromHomePageScenario" time="0.231"/>
</testsuite> <!-- tests.VerifySubscriptionFromHomePageTC -->
