<?xml version="1.0" encoding="UTF-8"?>
<!-- Generated by org.testng.reporters.JUnitReportReporter -->
<testsuite hostname="Mac" failures="0" tests="1" name="tests.VerifySubscriptionFromQartPageTC" time="1.253" errors="0" timestamp="2025-07-20T21:24:58 AST" skipped="0">
  <testcase classname="tests.VerifySubscriptionFromQartPageTC" name="subscriptionFromQartPageScenario" time="1.253"/>
</testsuite> <!-- tests.VerifySubscriptionFromQartPageTC -->
