<?xml version="1.0" encoding="UTF-8"?>
<!-- Generated by org.testng.reporters.JUnitReportReporter -->
<testsuite hostname="Mac" failures="0" tests="1" name="tests.LoginTC" time="2.775" errors="0" timestamp="2025-07-08T03:57:45 AST" skipped="0">
  <testcase classname="tests.LoginTC" name="LoginWithValidUserCredentials" time="2.775"/>
</testsuite> <!-- tests.LoginTC -->
