<?xml version="1.0" encoding="UTF-8"?>
<!-- Generated by org.testng.reporters.JUnitReportReporter -->
<testsuite hostname="Mahmouds-MacBook-Air.local" failures="0" tests="1" name="tests.RegisterTC" time="5.242" errors="0" timestamp="2025-07-04T21:32:38 AST" skipped="0">
  <testcase classname="tests.RegisterTC" name="signUp" time="5.242"/>
</testsuite> <!-- tests.RegisterTC -->
