<?xml version="1.0" encoding="UTF-8"?>
<!-- Generated by org.testng.reporters.JUnitReportReporter -->
<testsuite hostname="Mac" failures="0" tests="1" name="tests.DownloadInvoiceAfterPurchaseOrderTC" time="4.180" errors="0" timestamp="2025-08-31T01:33:04 AST" skipped="0">
  <testcase classname="tests.DownloadInvoiceAfterPurchaseOrderTC" name="downloadInvoiceAfterPurchaseOrderScenario" time="4.180"/>
</testsuite> <!-- tests.DownloadInvoiceAfterPurchaseOrderTC -->
